<?xml version="1.0" encoding="UTF-8"?>
<testsuite xmlns:xsi="http://www.w3.org/2001/XMLSchema-instance" xsi:noNamespaceSchemaLocation="https://maven.apache.org/surefire/maven-surefire-plugin/xsd/surefire-test-report.xsd" name="com.cic.ada.Project1Test" time="1.274" tests="12" errors="0" skipped="0" failures="0">
  <properties>
[...]
</properties>
  <testcase name="erdosRenyiFileTest" classname="com.cic.ada.Project1Test" time="0.002"/>
  <testcase name="erdosRenyiTest" classname="com.cic.ada.Project1Test" time="0.01"/>
  <testcase name="barabasiAlbertTest" classname="com.cic.ada.Project1Test" time="0"/>
  <testcase name="barabasiAlbertFileTest" classname="com.cic.ada.Project1Test" time="0.173"/>
  <testcase name="geographicTest" classname="com.cic.ada.Project1Test" time="0.309"/>
  <testcase name="gilbertFileTest" classname="com.cic.ada.Project1Test" time="0.135"/>
  <testcase name="addVertexTest" classname="com.cic.ada.Project1Test" time="0"/>
  <testcase name="geographicFileTest" classname="com.cic.ada.Project1Test" time="0.179"/>
  <testcase name="gilbertTest" classname="com.cic.ada.Project1Test" time="0.006"/>
  <testcase name="addEdgeTest" classname="com.cic.ada.Project1Test" time="0"/>
  <testcase name="graphGenerationTest" classname="com.cic.ada.Project1Test" time="0.46"/>
  <testcase name="checkIfVertexExistTest" classname="com.cic.ada.Project1Test" time="0"/>
</testsuite>