<?xml version="1.0" encoding="UTF-8"?>
<testsuite xmlns:xsi="http://www.w3.org/2001/XMLSchema-instance" xsi:noNamespaceSchemaLocation="https://maven.apache.org/surefire/maven-surefire-plugin/xsd/surefire-test-report.xsd" name="com.cic.ada.Project3Test" time="0.724" tests="7" errors="0" skipped="0" failures="0">
  <properties>
[...]
</properties>
  <testcase name="erdosRenyiShortestPathTest" classname="com.cic.ada.Project3Test" time="0"/>
  <testcase name="testRandomEdges" classname="com.cic.ada.Project3Test" time="0.001"/>
  <testcase name="clrsDijkstraExampleTest" classname="com.cic.ada.Project3Test" time="0"/>
  <testcase name="barabasiAlbertShortestPathTest" classname="com.cic.ada.Project3Test" time="0"/>
  <testcase name="geoGraphicShortestPathTest" classname="com.cic.ada.Project3Test" time="0"/>
  <testcase name="shortestPathTest" classname="com.cic.ada.Project3Test" time="0.465"/>
  <testcase name="gilbertShortestPathTest" classname="com.cic.ada.Project3Test" time="0.256"/>
</testsuite>